# JRE version: Java(TM) SE Runtime Environment (8.0_152-b04) (build 1.8.0_152-ea-b04)
# Java VM: Java HotSpot(TM) 64-Bit Server VM (25.152-b04 mixed mode bsd-amd64 compressed oops)
Heap:
 PSYoungGen      total 38400K, used 22625K [0x00000007b0000000, 0x00000007b2a80000, 0x00000007c0000000)
  eden space 33280K, 52% used [0x00000007b0000000,0x00000007b111f880,0x00000007b2080000)
  from space 5120K, 99% used [0x00000007b2580000,0x00000007b2a78d90,0x00000007b2a80000)
  to   space 5120K, 66% used [0x00000007b2080000,0x00000007b23cf498,0x00000007b2580000)
 ParOldGen       total 87552K, used 3183K [0x0000000790000000, 0x0000000795580000, 0x00000007b0000000)
  object space 87552K, 3% used [0x0000000790000000,0x000000079031bca0,0x0000000795580000)
 Metaspace       used 20849K, capacity 21152K, committed 21296K, reserved 1067008K
  class space    used 3571K, capacity 3656K, committed 3712K, reserved 1048576K
GC Heap History (5 events):
Event: 4.234 GC heap before
{Heap before GC invocations=1 (full 0):
 PSYoungGen      total 38400K, used 33280K [0x00000007b0000000, 0x00000007b2a80000, 0x00000007c0000000)
  eden space 33280K, 100% used [0x00000007b0000000,0x00000007b2080000,0x00000007b2080000)
  from space 5120K, 0% used [0x00000007b2580000,0x00000007b2580000,0x00000007b2a80000)
  to   space 5120K, 0% used [0x00000007b2080000,0x00000007b2080000,0x00000007b2580000)
 ParOldGen       total 87552K, used 0K [0x0000000790000000, 0x0000000795580000, 0x00000007b0000000)
  object space 87552K, 0% used [0x0000000790000000,0x0000000790000000,0x0000000795580000)
 Metaspace       used 10447K, capacity 11404K, committed 11520K, reserved 1058816K
  class space    used 1679K, capacity 1756K, committed 1792K, reserved 1048576K
Event: 4.259 GC heap after
Heap after GC invocations=1 (full 0):
 PSYoungGen      total 38400K, used 5105K [0x00000007b0000000, 0x00000007b2a80000, 0x00000007c0000000)
  eden space 33280K, 0% used [0x00000007b0000000,0x00000007b0000000,0x00000007b2080000)
  from space 5120K, 99% used [0x00000007b2080000,0x00000007b257c7a0,0x00000007b2580000)
  to   space 5120K, 0% used [0x00000007b2580000,0x00000007b2580000,0x00000007b2a80000)
 ParOldGen       total 87552K, used 1616K [0x0000000790000000, 0x0000000795580000, 0x00000007b0000000)
  object space 87552K, 1% used [0x0000000790000000,0x00000007901941f8,0x0000000795580000)
 Metaspace       used 10447K, capacity 11404K, committed 11520K, reserved 1058816K
  class space    used 1679K, capacity 1756K, committed 1792K, reserved 1048576K
}
Event: 7.915 GC heap before
{Heap before GC invocations=2 (full 0):
 PSYoungGen      total 38400K, used 38385K [0x00000007b0000000, 0x00000007b2a80000, 0x00000007c0000000)
  eden space 33280K, 100% used [0x00000007b0000000,0x00000007b2080000,0x00000007b2080000)
  from space 5120K, 99% used [0x00000007b2080000,0x00000007b257c7a0,0x00000007b2580000)
  to   space 5120K, 0% used [0x00000007b2580000,0x00000007b2580000,0x00000007b2a80000)
 ParOldGen       total 87552K, used 1616K [0x0000000790000000, 0x0000000795580000, 0x00000007b0000000)
  object space 87552K, 1% used [0x0000000790000000,0x00000007901941f8,0x0000000795580000)
 Metaspace       used 16135K, capacity 16480K, committed 16768K, reserved 1062912K
  class space    used 2721K, capacity 2824K, committed 2944K, reserved 1048576K
Event: 7.929 GC heap after
Heap after GC invocations=2 (full 0):
 PSYoungGen      total 38400K, used 5091K [0x00000007b0000000, 0x00000007b2a80000, 0x00000007c0000000)
  eden space 33280K, 0% used [0x00000007b0000000,0x00000007b0000000,0x00000007b2080000)
  from space 5120K, 99% used [0x00000007b2580000,0x00000007b2a78d90,0x00000007b2a80000)
  to   space 5120K, 0% used [0x00000007b2080000,0x00000007b2080000,0x00000007b2580000)
 ParOldGen       total 87552K, used 3175K [0x0000000790000000, 0x0000000795580000, 0x00000007b0000000)
  object space 87552K, 3% used [0x0000000790000000,0x0000000790319ca0,0x0000000795580000)
 Metaspace       used 16135K, capacity 16480K, committed 16768K, reserved 1062912K
  class space    used 2721K, capacity 2824K, committed 2944K, reserved 1048576K
}
Event: 10.043 GC heap before
{Heap before GC invocations=3 (full 0):
 PSYoungGen      total 38400K, used 22625K [0x00000007b0000000, 0x00000007b2a80000, 0x00000007c0000000)
  eden space 33280K, 52% used [0x00000007b0000000,0x00000007b111f880,0x00000007b2080000)
  from space 5120K, 99% used [0x00000007b2580000,0x00000007b2a78d90,0x00000007b2a80000)
  to   space 5120K, 0% used [0x00000007b2080000,0x00000007b2080000,0x00000007b2580000)
 ParOldGen       total 87552K, used 3175K [0x0000000790000000, 0x0000000795580000, 0x00000007b0000000)
  object space 87552K, 3% used [0x0000000790000000,0x0000000790319ca0,0x0000000795580000)
 Metaspace       used 20849K, capacity 21152K, committed 21296K, reserved 1067008K
  class space    used 3571K, capacity 3656K, committed 3712K, reserved 1048576K

